<?xml version="1.0" encoding="UTF-8"?>
<!-- Generated by org.testng.reporters.JUnitXMLReporter -->
<testsuite ignored="0" hostname="Anush" failures="0" tests="6" name="Test" time="0.16" errors="0" timestamp="2023-08-03T22:07:07 IST">
  <testcase classname="testcases.IplLaunchTest1" name="test1" time="0.007"/>
  <testcase classname="testcases.IplLaunchTest1" name="test2" time="0.006"/>
  <testcase classname="testcases.IplLaunchTest1" name="test3" time="0.003"/>
  <testcase classname="testcases.IplLaunchTest2" name="test1" time="0.004"/>
  <testcase classname="testcases.IplLaunchTest2" name="test2" time="0.006"/>
  <testcase classname="testcases.IplLaunchTest2" name="test3" time="0.006"/>
</testsuite> <!-- Test -->
