<?xml version="1.0" encoding="UTF-8"?>
<!-- Generated by org.testng.reporters.JUnitXMLReporter -->
<testsuite ignored="0" hostname="Anush" failures="0" tests="6" name="Test1" time="0.17" errors="0" timestamp="2023-08-07T16:47:45 IST">
  <testcase classname="testcases.IplLaunchTest1" name="test1" time="0.015"/>
  <testcase classname="testcases.IplLaunchTest1" name="test2" time="0.005"/>
  <testcase classname="testcases.IplLaunchTest1" name="test3" time="0.003"/>
  <testcase classname="testcases.IplLaunchTest1" name="test4" time="0.003"/>
  <testcase classname="testcases.IplLaunchTest1" name="test4" time="0.002"/>
  <testcase classname="testcases.IplLaunchTest1" name="test4" time="0.001"/>
</testsuite> <!-- Test1 -->
