<?xml version="1.0" encoding="UTF-8"?>
<!-- Generated by org.testng.reporters.JUnitXMLReporter -->
<testsuite ignored="1" hostname="Anush" failures="0" tests="2" name="Test3" time="0.113" errors="0" timestamp="2023-08-04T14:27:30 IST">
  <testcase classname="testcases.IplLaunchTest3" name="test3" time="0.009"/>
  <testcase classname="testcases.IplLaunchTest3" name="test1" time="0.002"/>
  <testcase classname="testcases.IplLaunchTest3" name="test2" time="0.0">
    <ignored/>
  </testcase> <!-- test2 -->
</testsuite> <!-- Test3 -->
