<?xml version="1.0" encoding="UTF-8"?>
<testng-results ignored="0" total="1" passed="1" failed="0" skipped="0">
  <reporter-output>
  </reporter-output>
  <suite started-at="2023-08-09T22:17:07 IST" name="Default suite" finished-at="2023-08-09T22:17:54 IST" duration-ms="46928">
    <groups>
    </groups>
    <test started-at="2023-08-09T22:17:07 IST" name="Default test" finished-at="2023-08-09T22:17:54 IST" duration-ms="46928">
      <class name="testcases.IPLHomePagefunctionality">
        <test-method is-config="true" signature="setup()[pri:0, instance:testcases.IPLHomePagefunctionality@2f6bbeb0]" started-at="2023-08-09T22:17:07 IST" name="setup" finished-at="2023-08-09T22:17:07 IST" duration-ms="226" status="PASS">
          <reporter-output>
          </reporter-output>
        </test-method> <!-- setup -->
        <test-method is-config="true" signature="testInitiation(java.lang.reflect.Method)[pri:0, instance:testcases.IPLHomePagefunctionality@2f6bbeb0]" started-at="2023-08-09T22:17:08 IST" name="testInitiation" finished-at="2023-08-09T22:17:08 IST" duration-ms="5" status="PASS">
          <params>
            <param index="0">
              <value>
                <![CDATA[public void testcases.IPLHomePagefunctionality.iplHomePageValidation(java.lang.String,java.lang.String) throws java.lang.Exception]]>
              </value>
            </param>
          </params>
          <reporter-output>
          </reporter-output>
        </test-method> <!-- testInitiation -->
        <test-method signature="iplHomePageValidation(java.lang.String,java.lang.String)[pri:0, instance:testcases.IPLHomePagefunctionality@2f6bbeb0]" started-at="2023-08-09T22:17:08 IST" name="iplHomePageValidation" data-provider="homePageData" finished-at="2023-08-09T22:17:53 IST" duration-ms="45357" status="PASS">
          <params>
            <param index="0">
              <value>
                <![CDATA[Yes]]>
              </value>
            </param>
            <param index="1">
              <value>
                <![CDATA[homePage_Functionality]]>
              </value>
            </param>
          </params>
          <reporter-output>
          </reporter-output>
        </test-method> <!-- iplHomePageValidation -->
        <test-method is-config="true" signature="getResult(org.testng.ITestResult)[pri:0, instance:testcases.IPLHomePagefunctionality@2f6bbeb0]" started-at="2023-08-09T22:17:53 IST" name="getResult" finished-at="2023-08-09T22:17:54 IST" duration-ms="698" status="PASS">
          <params>
            <param index="0">
              <value>
                <![CDATA[[TestResult name=iplHomePageValidation status=SUCCESS method=IPLHomePagefunctionality.iplHomePageValidation(java.lang.String,java.lang.String)[pri:0, instance:testcases.IPLHomePagefunctionality@2f6bbeb0] output={null}]]]>
              </value>
            </param>
          </params>
          <reporter-output>
          </reporter-output>
        </test-method> <!-- getResult -->
      </class> <!-- testcases.IPLHomePagefunctionality -->
    </test> <!-- Default test -->
  </suite> <!-- Default suite -->
</testng-results>
